2025-04-22 11:15:59,993 - metropole_ai.vector_store.init_chroma - INFO - Initializing Chroma DB at: ./data/index
2025-04-22 11:16:00,003 - metropole_ai.vector_store.init_chroma - INFO - Collection 'documents' initialized with 603 documents
2025-04-22 11:17:49,436 - metropole_ai.vector_store.init_chroma - INFO - Initializing Chroma DB at: ./data/index
2025-04-22 11:17:49,445 - metropole_ai.vector_store.init_chroma - INFO - Collection 'documents' initialized with 603 documents
2025-04-22 11:18:27,296 - metropole_ai.vector_store.init_chroma - INFO - Initializing Chroma DB at: ./data/index
2025-04-22 11:18:27,304 - metropole_ai.vector_store.init_chroma - INFO - Collection 'documents' initialized with 603 documents
2025-04-22 11:19:01,139 - metropole_ai.vector_store.init_chroma - INFO - Initializing Chroma DB at: ./data/index
2025-04-22 11:19:01,147 - metropole_ai.vector_store.init_chroma - INFO - Collection 'documents' initialized with 603 documents
2025-04-22 11:19:39,033 - metropole_ai.vector_store.init_chroma - INFO - Initializing Chroma DB at: ./data/index
2025-04-22 11:19:39,040 - metropole_ai.vector_store.init_chroma - INFO - Collection 'documents' initialized with 603 documents
2025-04-22 11:20:03,302 - metropole_ai.vector_store.init_chroma - INFO - Initializing Chroma DB at: ./data/index
2025-04-22 11:20:03,309 - metropole_ai.vector_store.init_chroma - INFO - Collection 'documents' initialized with 603 documents
2025-04-22 11:20:13,935 - metropole_ai.vector_store.init_chroma - INFO - Initializing Chroma DB at: ./data/index
2025-04-22 11:20:13,943 - metropole_ai.vector_store.init_chroma - INFO - Collection 'documents' initialized with 603 documents
2025-04-22 11:20:31,597 - metropole_ai.vector_store.init_chroma - INFO - Initializing Chroma DB at: ./data/index
2025-04-22 11:20:31,604 - metropole_ai.vector_store.init_chroma - INFO - Collection 'documents' initialized with 603 documents
2025-04-22 11:20:48,309 - metropole_ai.vector_store.init_chroma - INFO - Initializing Chroma DB at: ./data/index
2025-04-22 11:20:48,318 - metropole_ai.vector_store.init_chroma - INFO - Collection 'documents' initialized with 603 documents
2025-04-22 11:22:11,134 - metropole_ai.vector_store.init_chroma - INFO - Initializing Chroma DB at: ./data/index
2025-04-22 11:22:11,143 - metropole_ai.vector_store.init_chroma - INFO - Collection 'documents' initialized with 603 documents
2025-04-22 11:22:28,827 - metropole_ai.vector_store.init_chroma - INFO - Initializing Chroma DB at: ./data/index
2025-04-22 11:22:28,835 - metropole_ai.vector_store.init_chroma - INFO - Collection 'documents' initialized with 603 documents
2025-04-22 11:22:54,569 - metropole_ai.vector_store.init_chroma - INFO - Initializing Chroma DB at: ./data/index
2025-04-22 11:22:54,576 - metropole_ai.vector_store.init_chroma - INFO - Collection 'documents' initialized with 603 documents
2025-04-22 11:23:40,010 - metropole_ai.vector_store.init_chroma - INFO - Initializing Chroma DB at: ./data/index
2025-04-22 11:23:40,017 - metropole_ai.vector_store.init_chroma - INFO - Collection 'documents' initialized with 603 documents
2025-04-22 11:23:53,695 - metropole_ai.vector_store.init_chroma - INFO - Initializing Chroma DB at: ./data/index
2025-04-22 11:23:53,702 - metropole_ai.vector_store.init_chroma - INFO - Collection 'documents' initialized with 603 documents
2025-04-22 11:24:13,893 - metropole_ai.vector_store.init_chroma - INFO - Initializing Chroma DB at: ./data/index
2025-04-22 11:24:13,900 - metropole_ai.vector_store.init_chroma - INFO - Collection 'documents' initialized with 603 documents
2025-04-22 11:24:33,112 - metropole_ai.vector_store.init_chroma - INFO - Initializing Chroma DB at: ./data/index
2025-04-22 11:24:33,119 - metropole_ai.vector_store.init_chroma - INFO - Collection 'documents' initialized with 603 documents
2025-04-22 11:24:58,848 - metropole_ai.vector_store.init_chroma - INFO - Initializing Chroma DB at: ./data/index
2025-04-22 11:24:58,856 - metropole_ai.vector_store.init_chroma - INFO - Collection 'documents' initialized with 603 documents
2025-04-22 11:25:29,121 - metropole_ai.vector_store.init_chroma - INFO - Initializing Chroma DB at: ./data/index
2025-04-22 11:25:29,128 - metropole_ai.vector_store.init_chroma - INFO - Collection 'documents' initialized with 603 documents
2025-04-22 11:25:57,400 - metropole_ai.vector_store.init_chroma - INFO - Initializing Chroma DB at: ./data/index
2025-04-22 11:25:57,409 - metropole_ai.vector_store.init_chroma - INFO - Collection 'documents' initialized with 603 documents
2025-04-22 11:26:23,827 - metropole_ai.vector_store.init_chroma - INFO - Initializing Chroma DB at: ./data/index
2025-04-22 11:26:23,835 - metropole_ai.vector_store.init_chroma - INFO - Collection 'documents' initialized with 603 documents
2025-04-22 11:27:03,886 - metropole_ai.vector_store.init_chroma - INFO - Initializing Chroma DB at: ./data/index
2025-04-22 11:27:03,895 - metropole_ai.vector_store.init_chroma - INFO - Collection 'documents' initialized with 603 documents
2025-04-22 11:27:33,778 - metropole_ai.vector_store.init_chroma - INFO - Initializing Chroma DB at: ./data/index
2025-04-22 11:27:33,787 - metropole_ai.vector_store.init_chroma - INFO - Collection 'documents' initialized with 603 documents
2025-04-22 11:28:05,711 - metropole_ai.vector_store.init_chroma - INFO - Initializing Chroma DB at: ./data/index
2025-04-22 11:28:05,719 - metropole_ai.vector_store.init_chroma - INFO - Collection 'documents' initialized with 603 documents
2025-04-22 11:29:07,373 - metropole_ai.vector_store.init_chroma - INFO - Initializing Chroma DB at: ./data/index
2025-04-22 11:29:07,382 - metropole_ai.vector_store.init_chroma - INFO - Collection 'documents' initialized with 603 documents
2025-04-22 11:30:42,307 - metropole_ai.vector_store.init_chroma - INFO - Initializing Chroma DB at: ./data/index
2025-04-22 11:30:42,315 - metropole_ai.vector_store.init_chroma - INFO - Collection 'documents' initialized with 603 documents
2025-04-22 11:33:21,747 - metropole_ai.vector_store.init_chroma - INFO - Initializing Chroma DB at: ./data/index
2025-04-22 11:33:21,756 - metropole_ai.vector_store.init_chroma - INFO - Collection 'documents' initialized with 603 documents
2025-04-22 11:33:53,545 - metropole_ai.vector_store.init_chroma - INFO - Initializing Chroma DB at: ./data/index
2025-04-22 11:33:53,552 - metropole_ai.vector_store.init_chroma - INFO - Collection 'documents' initialized with 603 documents
2025-04-22 11:34:01,639 - metropole_ai.vector_store.init_chroma - INFO - Initializing Chroma DB at: ./data/index
2025-04-22 11:34:01,647 - metropole_ai.vector_store.init_chroma - INFO - Collection 'documents' initialized with 603 documents
2025-04-22 11:34:03,883 - metropole_ai.pipeline - INFO - Starting Metropole.AI pipeline
2025-04-22 11:34:03,883 - metropole_ai.pipeline - INFO - Starting website crawl from https://www.metropoleballard.com/home
2025-04-22 11:34:03,883 - metropole_ai.pipeline - INFO - Max pages: 2
2025-04-22 11:34:04,652 - metropole_ai.pipeline - INFO - Crawling complete. Collected 2 pages in 0.77 seconds
2025-04-22 11:34:04,652 - metropole_ai.pipeline - INFO - Processing HTML files to extract structured content
2025-04-22 11:34:04,891 - metropole_ai.pipeline - INFO - HTML processing complete in 0.24 seconds
2025-04-22 11:34:04,892 - metropole_ai.pipeline - INFO - Extracted 567 unique content chunks from 11 HTML files
2025-04-22 11:34:04,892 - metropole_ai.pipeline - INFO - Adding metadata and tags to content
2025-04-22 11:34:06,317 - metropole_ai.vector_store.init_chroma - INFO - Initializing Chroma DB at: ./data/index
2025-04-22 11:34:06,326 - metropole_ai.vector_store.init_chroma - INFO - Collection 'documents' initialized with 603 documents
2025-04-22 11:35:08,056 - metropole_ai.pipeline - INFO - Metadata and tagging complete in 59.66 seconds
2025-04-22 11:35:08,056 - metropole_ai.pipeline - INFO - Processed 567 content chunks from 9 unique pages
2025-04-22 11:35:08,056 - metropole_ai.pipeline - INFO - Generated 2232 tags (avg. 3.9 per chunk)
2025-04-22 11:35:08,056 - metropole_ai.pipeline - INFO - Embedding corpus data
2025-04-22 11:35:08,057 - metropole_ai.embedder.embed_corpus - INFO - Initializing Chroma DB at: ./data/index
2025-04-22 11:35:08,057 - metropole_ai.embedder.embed_corpus - INFO - Loading default embedding model (all-MiniLM-L6-v2)...
2025-04-22 11:35:08,289 - metropole_ai.embedder.embed_corpus - INFO - Loading corpus from data/processed/metropole_corpus.json
2025-04-22 11:35:08,293 - metropole_ai.embedder.embed_corpus - INFO - Successfully loaded corpus with 567 chunks
2025-04-22 11:35:08,294 - metropole_ai.embedder.embed_corpus - INFO - Preparing to embed 567 chunks
2025-04-22 11:35:08,294 - metropole_ai.embedder.embed_corpus - INFO - Embedding batch 1/6 (100 chunks)
2025-04-22 11:35:24,971 - metropole_ai.embedder.embed_corpus - INFO - Progress: 100/567 chunks embedded
2025-04-22 11:35:24,973 - metropole_ai.embedder.embed_corpus - INFO - Embedding batch 2/6 (100 chunks)
2025-04-22 11:35:39,712 - metropole_ai.embedder.embed_corpus - INFO - Progress: 200/567 chunks embedded
2025-04-22 11:35:39,715 - metropole_ai.embedder.embed_corpus - INFO - Embedding batch 3/6 (100 chunks)
2025-04-22 11:35:54,597 - metropole_ai.embedder.embed_corpus - INFO - Progress: 300/567 chunks embedded
2025-04-22 11:35:54,598 - metropole_ai.embedder.embed_corpus - INFO - Embedding batch 4/6 (100 chunks)
2025-04-22 11:36:08,372 - metropole_ai.embedder.embed_corpus - INFO - Progress: 400/567 chunks embedded
2025-04-22 11:36:08,373 - metropole_ai.embedder.embed_corpus - INFO - Embedding batch 5/6 (100 chunks)
2025-04-22 11:36:19,032 - metropole_ai.embedder.embed_corpus - INFO - Progress: 500/567 chunks embedded
2025-04-22 11:36:19,032 - metropole_ai.embedder.embed_corpus - INFO - Embedding batch 6/6 (67 chunks)
2025-04-22 11:36:26,877 - metropole_ai.embedder.embed_corpus - INFO - Progress: 567/567 chunks embedded
2025-04-22 11:36:26,877 - metropole_ai.embedder.embed_corpus - INFO - Embedding complete! 567 chunks embedded in 78.82 seconds
2025-04-22 11:36:26,877 - metropole_ai.embedder.embed_corpus - INFO - Collection 'metropole_documents' now contains 1164 documents
2025-04-22 11:36:27,015 - metropole_ai.pipeline - INFO - Corpus embedding complete in 78.96 seconds
2025-04-22 11:36:27,015 - metropole_ai.pipeline - INFO - Pipeline complete! Total time: 143.13 seconds
